<?xml version="1.0" encoding="UTF-8"?>
<testng-results ignored="0" total="1" passed="1" failed="0" skipped="0">
  <reporter-output>
  </reporter-output>
  <suite started-at="2023-10-22T20:23:27 ICT" name="Default suite" finished-at="2023-10-22T20:23:34 ICT" duration-ms="7474">
    <groups>
    </groups>
    <test started-at="2023-10-22T20:23:27 ICT" name="Default test" finished-at="2023-10-22T20:23:34 ICT" duration-ms="7474">
      <class name="homework.Homework12">
        <test-method is-config="true" signature="beforeTest()[pri:0, instance:homework.Homework12@5340477f]" started-at="2023-10-22T20:23:27 ICT" name="beforeTest" finished-at="2023-10-22T20:23:34 ICT" duration-ms="7302" status="PASS">
          <reporter-output>
          </reporter-output>
        </test-method> <!-- beforeTest -->
        <test-method signature="radioButton()[pri:0, instance:homework.Homework12@5340477f]" started-at="2023-10-22T20:23:34 ICT" name="radioButton" finished-at="2023-10-22T20:23:34 ICT" duration-ms="113" status="PASS">
          <reporter-output>
          </reporter-output>
        </test-method> <!-- radioButton -->
        <test-method is-config="true" signature="afterTest()[pri:0, instance:homework.Homework12@5340477f]" started-at="2023-10-22T20:23:34 ICT" name="afterTest" finished-at="2023-10-22T20:23:34 ICT" duration-ms="0" status="PASS">
          <reporter-output>
          </reporter-output>
        </test-method> <!-- afterTest -->
      </class> <!-- homework.Homework12 -->
    </test> <!-- Default test -->
  </suite> <!-- Default suite -->
</testng-results>
